2025-12-27 00:17:24 | INFO | 🚀 Starting FundedNext Live Orchestrator
2025-12-27 00:17:24 | SUCCESS | 🎯 MT5 readiness check passed
2025-12-27 00:17:24 | INFO | 🔍 Running startup validation checks
2025-12-27 00:18:30 | INFO | 🚀 Starting FundedNext Live Orchestrator
2025-12-27 00:18:30 | SUCCESS | 🎯 MT5 readiness check passed
2025-12-27 00:18:30 | INFO | 🔍 Running startup validation checks
2025-12-27 00:18:30 | INFO | Account | Balance=100000.00 | FreeMargin=100000.00
2025-12-27 00:19:40 | INFO | 🚀 Starting FundedNext Live Orchestrator
2025-12-27 00:19:40 | SUCCESS | 🎯 MT5 readiness check passed
2025-12-27 00:19:40 | INFO | 🔍 Running startup validation checks
2025-12-27 00:19:40 | INFO | Account | Balance=100000.00 | FreeMargin=100000.00
2025-12-27 00:20:51 | INFO | 🚀 Starting FundedNext Live Orchestrator
2025-12-27 00:20:51 | SUCCESS | 🎯 MT5 readiness check passed
2025-12-27 00:20:51 | INFO | 🔍 Running startup validation checks
2025-12-27 00:20:51 | INFO | Account | Balance=100000.00 | FreeMargin=100000.00
2025-12-27 00:22:04 | INFO | 🚀 Starting FundedNext Live Orchestrator
2025-12-27 00:22:04 | SUCCESS | 🎯 MT5 readiness check passed
2025-12-27 00:22:04 | INFO | 🔍 Running startup validation checks
2025-12-27 00:22:04 | INFO | Account | Balance=100000.00 | FreeMargin=100000.00
2025-12-27 00:22:04 | WARNING | EURUSD: no active trading session
2025-12-27 00:22:04 | WARNING | GBPUSD: no active trading session
2025-12-27 00:22:04 | WARNING | USDJPY: no active trading session
2025-12-27 00:22:04 | WARNING | XAUUSD: no active trading session
2025-12-27 00:22:04 | WARNING | US30: no active trading session
2025-12-27 00:22:04 | WARNING | NDX100: no active trading session
2025-12-27 00:22:04 | SUCCESS | ✅ Startup validation PASSED
2025-12-27 00:22:04 | INFO | CapitalScaler initialized | Start=$10000.00 | MaxMult=1.50× | Step=0.25
2025-12-27 00:22:04 | INFO | RiskManager initialized | Account=$10000.00 | DailyLimit=$500.00 | MaxLimit=$1000.00
2025-12-27 00:22:04 | WARNING | No pre-trained model found. Training from scratch.
2025-12-27 00:22:04 | SUCCESS | ✅ System initialized successfully
2025-12-27 00:22:04 | INFO | Orchestrator shutdown complete
2025-12-27 00:23:15 | INFO | 🚀 Starting FundedNext Live Orchestrator
2025-12-27 00:23:15 | SUCCESS | 🎯 MT5 readiness check passed
2025-12-27 00:23:15 | INFO | 🔍 Running startup validation checks
2025-12-27 00:23:15 | INFO | Account | Balance=100000.00 | FreeMargin=100000.00
2025-12-27 00:23:15 | WARNING | EURUSD: no active trading session
2025-12-27 00:23:15 | WARNING | GBPUSD: no active trading session
2025-12-27 00:23:15 | WARNING | USDJPY: no active trading session
2025-12-27 00:23:15 | WARNING | XAUUSD: no active trading session
2025-12-27 00:23:15 | WARNING | US30: no active trading session
2025-12-27 00:23:15 | WARNING | NDX100: no active trading session
2025-12-27 00:23:15 | SUCCESS | ✅ Startup validation PASSED
2025-12-27 00:23:15 | INFO | CapitalScaler initialized | Start=$10000.00 | MaxMult=1.50× | Step=0.25
2025-12-27 00:23:15 | INFO | RiskManager initialized | Account=$10000.00 | DailyLimit=$500.00 | MaxLimit=$1000.00
2025-12-27 00:23:15 | WARNING | No pre-trained model found. Training from scratch.
2025-12-27 00:23:15 | SUCCESS | ✅ System initialized successfully
2025-12-27 00:23:15 | INFO | 📸 Session snapshot | {'timestamp': '2025-12-27T00:23:15.816062', 'account_phase': 'challenge', 'execution_mode': 'live', 'ml_mode': 'training', 'daily_loss': 0.0, 'max_loss_breached': False}
2025-12-27 00:23:15 | SUCCESS | 🔒 PROFIT LOCK ACTIVATED
Equity: $100000.00
Locked Floor: $52500.00
2025-12-27 00:24:18 | SUCCESS | ML Model and Stats saved successfully.
2025-12-27 00:24:18 | INFO | 📸 Session snapshot | {'timestamp': '2025-12-27T00:24:18.143794', 'account_phase': 'challenge', 'execution_mode': 'live', 'ml_mode': 'training', 'daily_loss': 0.0, 'max_loss_breached': False}
2025-12-27 00:24:27 | INFO | 🚀 Starting FundedNext Live Orchestrator
2025-12-27 00:24:27 | SUCCESS | 🎯 MT5 readiness check passed
2025-12-27 00:24:27 | INFO | 🔍 Running startup validation checks
2025-12-27 00:24:27 | INFO | Account | Balance=100000.00 | FreeMargin=100000.00
2025-12-27 00:24:27 | WARNING | EURUSD: no active trading session
2025-12-27 00:24:27 | WARNING | GBPUSD: no active trading session
2025-12-27 00:24:27 | WARNING | USDJPY: no active trading session
2025-12-27 00:24:27 | WARNING | XAUUSD: no active trading session
2025-12-27 00:24:27 | WARNING | US30: no active trading session
2025-12-27 00:24:27 | WARNING | NDX100: no active trading session
2025-12-27 00:24:27 | SUCCESS | ✅ Startup validation PASSED
2025-12-27 00:24:27 | INFO | CapitalScaler initialized | Start=$10000.00 | MaxMult=1.50× | Step=0.25
2025-12-27 00:24:27 | INFO | RiskManager initialized | Account=$10000.00 | DailyLimit=$500.00 | MaxLimit=$1000.00
2025-12-27 00:24:27 | SUCCESS | ML Model and Stats loaded successfully.
2025-12-27 00:25:19 | SUCCESS | ML Model and Stats saved successfully.
2025-12-27 00:25:19 | INFO | 📸 Session snapshot | {'timestamp': '2025-12-27T00:25:19.953589', 'account_phase': 'challenge', 'execution_mode': 'live', 'ml_mode': 'training', 'daily_loss': 0.0, 'max_loss_breached': False}
2025-12-27 00:25:42 | INFO | 🚀 Starting FundedNext Live Orchestrator
2025-12-27 00:25:42 | SUCCESS | 🎯 MT5 readiness check passed
2025-12-27 00:25:42 | INFO | 🔍 Running startup validation checks
2025-12-27 00:25:42 | INFO | Account | Balance=100000.00 | FreeMargin=100000.00
2025-12-27 00:25:42 | WARNING | EURUSD: no active trading session
2025-12-27 00:25:42 | WARNING | GBPUSD: no active trading session
2025-12-27 00:25:42 | WARNING | USDJPY: no active trading session
2025-12-27 00:25:42 | WARNING | XAUUSD: no active trading session
2025-12-27 00:25:42 | WARNING | US30: no active trading session
2025-12-27 00:25:42 | WARNING | NDX100: no active trading session
2025-12-27 00:25:42 | SUCCESS | ✅ Startup validation PASSED
2025-12-27 00:25:42 | INFO | CapitalScaler initialized | Start=$10000.00 | MaxMult=1.50× | Step=0.25
2025-12-27 00:25:42 | INFO | RiskManager initialized | Account=$10000.00 | DailyLimit=$500.00 | MaxLimit=$1000.00
2025-12-27 00:25:42 | SUCCESS | ML Model and Stats loaded successfully.
2025-12-27 00:26:21 | SUCCESS | ML Model and Stats saved successfully.
2025-12-27 00:26:21 | INFO | 📸 Session snapshot | {'timestamp': '2025-12-27T00:26:21.761194', 'account_phase': 'challenge', 'execution_mode': 'live', 'ml_mode': 'training', 'daily_loss': 0.0, 'max_loss_breached': False}
2025-12-27 00:26:56 | INFO | 🚀 Starting FundedNext Live Orchestrator
2025-12-27 00:26:56 | SUCCESS | 🎯 MT5 readiness check passed
2025-12-27 00:26:56 | INFO | 🔍 Running startup validation checks
2025-12-27 00:26:56 | INFO | Account | Balance=100000.00 | FreeMargin=100000.00
2025-12-27 00:26:56 | WARNING | EURUSD: no active trading session
2025-12-27 00:26:56 | WARNING | GBPUSD: no active trading session
2025-12-27 00:26:56 | WARNING | USDJPY: no active trading session
2025-12-27 00:26:56 | WARNING | XAUUSD: no active trading session
2025-12-27 00:26:56 | WARNING | US30: no active trading session
2025-12-27 00:26:56 | WARNING | NDX100: no active trading session
2025-12-27 00:26:56 | SUCCESS | ✅ Startup validation PASSED
2025-12-27 00:26:56 | INFO | CapitalScaler initialized | Start=$10000.00 | MaxMult=1.50× | Step=0.25
2025-12-27 00:26:56 | INFO | RiskManager initialized | Account=$10000.00 | DailyLimit=$500.00 | MaxLimit=$1000.00
2025-12-27 00:26:56 | WARNING | No pre-trained model found. Training from scratch.
2025-12-27 00:26:56 | SUCCESS | ✅ System initialized successfully
2025-12-27 00:26:56 | INFO | 📸 Session snapshot | {'timestamp': '2025-12-27T00:26:56.543991', 'account_phase': 'challenge', 'execution_mode': 'live', 'ml_mode': 'training', 'daily_loss': 0.0, 'max_loss_breached': False}
2025-12-27 00:26:56 | SUCCESS | 🔒 PROFIT LOCK ACTIVATED
Equity: $100000.00
Locked Floor: $52500.00
2025-12-27 00:27:23 | SUCCESS | ML Model and Stats saved successfully.
2025-12-27 00:27:23 | INFO | 📸 Session snapshot | {'timestamp': '2025-12-27T00:27:23.568671', 'account_phase': 'challenge', 'execution_mode': 'live', 'ml_mode': 'training', 'daily_loss': 0.0, 'max_loss_breached': False}
2025-12-27 00:27:58 | SUCCESS | ML Model and Stats saved successfully.
2025-12-27 00:27:58 | INFO | 📸 Session snapshot | {'timestamp': '2025-12-27T00:27:58.839266', 'account_phase': 'challenge', 'execution_mode': 'live', 'ml_mode': 'training', 'daily_loss': 0.0, 'max_loss_breached': False}
2025-12-27 00:28:14 | INFO | 🚀 Starting FundedNext Live Orchestrator
2025-12-27 00:28:14 | SUCCESS | 🎯 MT5 readiness check passed
2025-12-27 00:28:14 | INFO | 🔍 Running startup validation checks
2025-12-27 00:28:14 | INFO | Account | Balance=100000.00 | FreeMargin=100000.00
2025-12-27 00:28:14 | WARNING | EURUSD: no active trading session
2025-12-27 00:28:14 | WARNING | GBPUSD: no active trading session
2025-12-27 00:28:14 | WARNING | USDJPY: no active trading session
2025-12-27 00:28:14 | WARNING | XAUUSD: no active trading session
2025-12-27 00:28:14 | WARNING | US30: no active trading session
2025-12-27 00:28:14 | WARNING | NDX100: no active trading session
2025-12-27 00:28:14 | SUCCESS | ✅ Startup validation PASSED
2025-12-27 00:28:14 | INFO | CapitalScaler initialized | Start=$10000.00 | MaxMult=1.50× | Step=0.25
2025-12-27 00:28:14 | INFO | RiskManager initialized | Account=$10000.00 | DailyLimit=$500.00 | MaxLimit=$1000.00
2025-12-27 00:28:14 | WARNING | No pre-trained model found. Training from scratch.
2025-12-27 00:28:14 | SUCCESS | ✅ System initialized successfully
2025-12-27 00:28:14 | INFO | 📸 Session snapshot | {'timestamp': '2025-12-27T00:28:14.153344', 'account_phase': 'challenge', 'execution_mode': 'live', 'ml_mode': 'training', 'daily_loss': 0.0, 'max_loss_breached': False}
2025-12-27 00:28:14 | SUCCESS | 🔒 PROFIT LOCK ACTIVATED
Equity: $100000.00
Locked Floor: $52500.00
2025-12-27 00:28:14 | ERROR | ❌ ML inference failed: model not fitted
2025-12-27 00:28:15 | ERROR | ❌ ML inference failed: model not fitted
2025-12-27 00:28:15 | INFO | ✅ ML model updated successfully
2025-12-27 00:28:15 | INFO | SIGNAL | EURUSD | SELL | score=0.70 | regime=range
2025-12-27 00:28:15 | INFO | EURUSD: position size | base=$100.00 | mult=1.00× | final=$100.00 | vol=0.204
2025-12-27 00:28:15 | DEBUG | Execution denied: Unknown configuration.
2025-12-27 00:28:15 | WARNING | EURUSD: Execution globally disabled
2025-12-27 00:28:15 | WARNING | EURUSD: trade blocked — Execution globally disabled
2025-12-27 00:28:15 | INFO | ✅ ML model updated successfully
2025-12-27 00:28:15 | INFO | SIGNAL | GBPUSD | BUY | score=0.70 | regime=range
2025-12-27 00:28:15 | INFO | GBPUSD: position size | base=$100.00 | mult=1.00× | final=$100.00 | vol=0.159
2025-12-27 00:28:15 | WARNING | Trade blocked — risk $100.17 exceeds max per trade $100.00
2025-12-27 00:28:15 | INFO | ✅ ML model updated successfully
2025-12-27 00:28:15 | INFO | SIGNAL | USDJPY | SELL | score=0.93 | regime=range
2025-12-27 00:28:15 | INFO | USDJPY: position size | base=$100.00 | mult=1.00× | final=$100.00 | vol=0.189
2025-12-27 00:28:15 | WARNING | Trade blocked — risk $100.17 exceeds max per trade $100.00
2025-12-27 00:28:16 | INFO | ✅ ML model updated successfully
2025-12-27 00:28:16 | INFO | SIGNAL | XAUUSD | SELL | score=0.71 | regime=range
2025-12-27 00:28:16 | INFO | XAUUSD: position size | base=$100.00 | mult=1.00× | final=$100.00 | vol=0.179
2025-12-27 00:28:16 | WARNING | Trade blocked — risk $100.24 exceeds max per trade $100.00
2025-12-27 00:28:16 | INFO | ✅ ML model updated successfully
2025-12-27 00:28:16 | INFO | SIGNAL | US30 | SELL | score=0.80 | regime=range
2025-12-27 00:28:16 | INFO | US30: position size | base=$100.00 | mult=1.00× | final=$100.00 | vol=0.164
2025-12-27 00:28:16 | WARNING | Trade blocked — risk $100.04 exceeds max per trade $100.00
2025-12-27 00:28:16 | INFO | ✅ ML model updated successfully
2025-12-27 00:28:16 | INFO | SIGNAL | NDX100 | BUY | score=0.78 | regime=range
2025-12-27 00:28:16 | INFO | NDX100: position size | base=$100.00 | mult=1.00× | final=$100.00 | vol=0.185
2025-12-27 00:28:16 | DEBUG | Execution denied: Unknown configuration.
2025-12-27 00:28:16 | WARNING | NDX100: Execution globally disabled
2025-12-27 00:28:16 | WARNING | NDX100: trade blocked — Execution globally disabled
2025-12-27 00:28:25 | SUCCESS | ML Model and Stats saved successfully.
2025-12-27 00:28:25 | INFO | 📸 Session snapshot | {'timestamp': '2025-12-27T00:28:25.378773', 'account_phase': 'challenge', 'execution_mode': 'live', 'ml_mode': 'training', 'daily_loss': 0.0, 'max_loss_breached': False}
2025-12-27 00:29:00 | SUCCESS | ML Model and Stats saved successfully.
2025-12-27 00:29:00 | INFO | 📸 Session snapshot | {'timestamp': '2025-12-27T00:29:00.657561', 'account_phase': 'challenge', 'execution_mode': 'live', 'ml_mode': 'training', 'daily_loss': 0.0, 'max_loss_breached': False}
2025-12-27 00:29:16 | SUCCESS | ML Model and Stats saved successfully.
2025-12-27 00:29:16 | INFO | 📸 Session snapshot | {'timestamp': '2025-12-27T00:29:16.786843', 'account_phase': 'challenge', 'execution_mode': 'live', 'ml_mode': 'training', 'daily_loss': 0.0, 'max_loss_breached': False}
2025-12-27 00:29:17 | INFO | ✅ ML model updated successfully
2025-12-27 00:29:17 | INFO | SIGNAL | EURUSD | BUY | score=0.97 | regime=range
2025-12-27 00:29:17 | INFO | EURUSD: position size | base=$100.00 | mult=1.00× | final=$100.00 | vol=0.169
2025-12-27 00:29:17 | DEBUG | Execution denied: Unknown configuration.
2025-12-27 00:29:17 | WARNING | EURUSD: Execution globally disabled
2025-12-27 00:29:17 | WARNING | EURUSD: trade blocked — Execution globally disabled
2025-12-27 00:29:17 | INFO | ✅ ML model updated successfully
2025-12-27 00:29:17 | INFO | SIGNAL | GBPUSD | BUY | score=0.70 | regime=range
2025-12-27 00:29:17 | INFO | GBPUSD: position size | base=$100.00 | mult=1.00× | final=$100.00 | vol=0.154
2025-12-27 00:29:17 | WARNING | Trade blocked — risk $100.10 exceeds max per trade $100.00
2025-12-27 00:29:17 | INFO | ✅ ML model updated successfully
2025-12-27 00:29:17 | INFO | SIGNAL | USDJPY | SELL | score=0.84 | regime=range
2025-12-27 00:29:17 | INFO | USDJPY: position size | base=$100.00 | mult=1.00× | final=$100.00 | vol=0.227
2025-12-27 00:29:17 | DEBUG | Execution denied: Unknown configuration.
2025-12-27 00:29:17 | WARNING | USDJPY: Execution globally disabled
2025-12-27 00:29:17 | WARNING | USDJPY: trade blocked — Execution globally disabled
2025-12-27 00:29:17 | INFO | ✅ ML model updated successfully
2025-12-27 00:29:17 | INFO | SIGNAL | XAUUSD | BUY | score=0.70 | regime=range
2025-12-27 00:29:17 | INFO | XAUUSD: position size | base=$100.00 | mult=1.00× | final=$100.00 | vol=0.141
2025-12-27 00:29:17 | WARNING | Trade blocked — risk $100.11 exceeds max per trade $100.00
2025-12-27 00:29:18 | INFO | ✅ ML model updated successfully
2025-12-27 00:29:18 | INFO | SIGNAL | US30 | SELL | score=0.70 | regime=range
2025-12-27 00:29:18 | INFO | US30: position size | base=$100.00 | mult=1.00× | final=$100.00 | vol=0.161
2025-12-27 00:29:18 | DEBUG | Execution denied: Unknown configuration.
2025-12-27 00:29:18 | WARNING | US30: Execution globally disabled
2025-12-27 00:29:18 | WARNING | US30: trade blocked — Execution globally disabled
2025-12-27 00:29:18 | INFO | ✅ ML model updated successfully
2025-12-27 00:29:18 | INFO | SIGNAL | NDX100 | SELL | score=0.94 | regime=range
2025-12-27 00:29:18 | INFO | NDX100: position size | base=$100.00 | mult=1.00× | final=$100.00 | vol=0.164
2025-12-27 00:29:18 | WARNING | Trade blocked — risk $100.04 exceeds max per trade $100.00
2025-12-28 00:25:26 | INFO | 🚦 STARTING FINAL GO-LIVE VALIDATION
2025-12-28 00:25:26 | INFO | ============================================================
2025-12-28 00:25:26 | SUCCESS | ✅ MT5 connected | Login=12345 | Equity=$100000.00
2025-12-28 00:25:26 | SUCCESS | ✅ No open positions
2025-12-28 00:25:26 | INFO | Daily equity baseline reset: $100000.00
2025-12-28 00:25:27 | SUCCESS | ✅ Equity kill switch OK
2025-12-28 00:25:27 | SUCCESS | ✅ Webhook kill switch OK
2025-12-28 00:25:27 | SUCCESS | ✅ Discord kill switch BYPASSED (not required for go-live)
2025-12-28 00:25:27 | SUCCESS | 🔒 PROFIT LOCK ACTIVATED
Equity: $100000.00
Locked Floor: $52500.00
2025-12-28 00:25:27 | SUCCESS | ✅ Profit lock OK
2025-12-28 00:25:27 | SUCCESS | ✅ Session filter initialized
2025-12-28 00:25:48 | INFO | 🚦 STARTING FINAL GO-LIVE VALIDATION
2025-12-28 00:25:48 | INFO | ============================================================
2025-12-28 00:25:48 | SUCCESS | ✅ MT5 connected | Login=12345 | Equity=$100000.00
2025-12-28 00:25:48 | SUCCESS | ✅ No open positions
2025-12-28 00:25:48 | INFO | Daily equity baseline reset: $100000.00
2025-12-28 00:25:49 | SUCCESS | ✅ Equity kill switch OK
2025-12-28 00:25:49 | SUCCESS | ✅ Webhook kill switch OK
2025-12-28 00:25:49 | SUCCESS | ✅ Discord kill switch BYPASSED (not required for go-live)
2025-12-28 00:25:49 | SUCCESS | 🔒 PROFIT LOCK ACTIVATED
Equity: $100000.00
Locked Floor: $52500.00
2025-12-28 00:25:49 | SUCCESS | ✅ Profit lock OK
2025-12-28 00:25:49 | SUCCESS | ✅ Session filter initialized
2025-12-28 00:25:49 | SUCCESS | ✅ Candle feed OK | symbols=6
2025-12-28 00:25:49 | SUCCESS | ✅ SignalEngine initialized
2025-12-28 00:25:49 | SUCCESS | ✅ Active ML model version: v1.0.0-FROZEN
2025-12-28 00:25:49 | INFO | CapitalScaler initialized | Start=$10000.00 | MaxMult=1.50× | Step=0.25
2025-12-28 00:25:49 | INFO | RiskManager initialized | Account=$10000.00 | DailyLimit=$500.00 | MaxLimit=$1000.00
2025-12-28 00:25:49 | SUCCESS | ✅ RiskManager OK
2025-12-28 00:25:49 | SUCCESS | ✅ Trailing SL & Partial TP managers OK
2025-12-28 00:25:49 | INFO | ============================================================
2025-12-28 00:25:49 | SUCCESS | ✅ SYSTEM IS CLEARED FOR LIVE TRADING
2025-12-28 00:25:49 | INFO | 👉 You may now safely set TRADE_ENABLED = True
2025-12-28 00:25:49 | INFO | 🚀 GOOD LUCK — TRADE DISCIPLINED
