2025-12-27 00:17:24 | SUCCESS | 🎯 MT5 readiness check passed
2025-12-27 00:18:30 | SUCCESS | 🎯 MT5 readiness check passed
2025-12-27 00:19:40 | SUCCESS | 🎯 MT5 readiness check passed
2025-12-27 00:20:51 | SUCCESS | 🎯 MT5 readiness check passed
2025-12-27 00:22:04 | SUCCESS | 🎯 MT5 readiness check passed
2025-12-27 00:22:04 | WARNING | EURUSD: no active trading session
2025-12-27 00:22:04 | WARNING | GBPUSD: no active trading session
2025-12-27 00:22:04 | WARNING | USDJPY: no active trading session
2025-12-27 00:22:04 | WARNING | XAUUSD: no active trading session
2025-12-27 00:22:04 | WARNING | US30: no active trading session
2025-12-27 00:22:04 | WARNING | NDX100: no active trading session
2025-12-27 00:22:04 | SUCCESS | ✅ Startup validation PASSED
2025-12-27 00:22:04 | WARNING | No pre-trained model found. Training from scratch.
2025-12-27 00:22:04 | SUCCESS | ✅ System initialized successfully
2025-12-27 00:23:15 | SUCCESS | 🎯 MT5 readiness check passed
2025-12-27 00:23:15 | WARNING | EURUSD: no active trading session
2025-12-27 00:23:15 | WARNING | GBPUSD: no active trading session
2025-12-27 00:23:15 | WARNING | USDJPY: no active trading session
2025-12-27 00:23:15 | WARNING | XAUUSD: no active trading session
2025-12-27 00:23:15 | WARNING | US30: no active trading session
2025-12-27 00:23:15 | WARNING | NDX100: no active trading session
2025-12-27 00:23:15 | SUCCESS | ✅ Startup validation PASSED
2025-12-27 00:23:15 | WARNING | No pre-trained model found. Training from scratch.
2025-12-27 00:23:15 | SUCCESS | ✅ System initialized successfully
2025-12-27 00:23:15 | SUCCESS | 🔒 PROFIT LOCK ACTIVATED
Equity: $100000.00
Locked Floor: $52500.00
2025-12-27 00:24:18 | SUCCESS | ML Model and Stats saved successfully.
2025-12-27 00:24:27 | SUCCESS | 🎯 MT5 readiness check passed
2025-12-27 00:24:27 | WARNING | EURUSD: no active trading session
2025-12-27 00:24:27 | WARNING | GBPUSD: no active trading session
2025-12-27 00:24:27 | WARNING | USDJPY: no active trading session
2025-12-27 00:24:27 | WARNING | XAUUSD: no active trading session
2025-12-27 00:24:27 | WARNING | US30: no active trading session
2025-12-27 00:24:27 | WARNING | NDX100: no active trading session
2025-12-27 00:24:27 | SUCCESS | ✅ Startup validation PASSED
2025-12-27 00:24:27 | SUCCESS | ML Model and Stats loaded successfully.
2025-12-27 00:25:19 | SUCCESS | ML Model and Stats saved successfully.
2025-12-27 00:25:42 | SUCCESS | 🎯 MT5 readiness check passed
2025-12-27 00:25:42 | WARNING | EURUSD: no active trading session
2025-12-27 00:25:42 | WARNING | GBPUSD: no active trading session
2025-12-27 00:25:42 | WARNING | USDJPY: no active trading session
2025-12-27 00:25:42 | WARNING | XAUUSD: no active trading session
2025-12-27 00:25:42 | WARNING | US30: no active trading session
2025-12-27 00:25:42 | WARNING | NDX100: no active trading session
2025-12-27 00:25:42 | SUCCESS | ✅ Startup validation PASSED
2025-12-27 00:25:42 | SUCCESS | ML Model and Stats loaded successfully.
2025-12-27 00:26:21 | SUCCESS | ML Model and Stats saved successfully.
2025-12-27 00:26:56 | SUCCESS | 🎯 MT5 readiness check passed
2025-12-27 00:26:56 | WARNING | EURUSD: no active trading session
2025-12-27 00:26:56 | WARNING | GBPUSD: no active trading session
2025-12-27 00:26:56 | WARNING | USDJPY: no active trading session
2025-12-27 00:26:56 | WARNING | XAUUSD: no active trading session
2025-12-27 00:26:56 | WARNING | US30: no active trading session
2025-12-27 00:26:56 | WARNING | NDX100: no active trading session
2025-12-27 00:26:56 | SUCCESS | ✅ Startup validation PASSED
2025-12-27 00:26:56 | WARNING | No pre-trained model found. Training from scratch.
2025-12-27 00:26:56 | SUCCESS | ✅ System initialized successfully
2025-12-27 00:26:56 | SUCCESS | 🔒 PROFIT LOCK ACTIVATED
Equity: $100000.00
Locked Floor: $52500.00
2025-12-27 00:27:23 | SUCCESS | ML Model and Stats saved successfully.
2025-12-27 00:27:58 | SUCCESS | ML Model and Stats saved successfully.
2025-12-27 00:28:14 | SUCCESS | 🎯 MT5 readiness check passed
2025-12-27 00:28:14 | WARNING | EURUSD: no active trading session
2025-12-27 00:28:14 | WARNING | GBPUSD: no active trading session
2025-12-27 00:28:14 | WARNING | USDJPY: no active trading session
2025-12-27 00:28:14 | WARNING | XAUUSD: no active trading session
2025-12-27 00:28:14 | WARNING | US30: no active trading session
2025-12-27 00:28:14 | WARNING | NDX100: no active trading session
2025-12-27 00:28:14 | SUCCESS | ✅ Startup validation PASSED
2025-12-27 00:28:14 | WARNING | No pre-trained model found. Training from scratch.
2025-12-27 00:28:14 | SUCCESS | ✅ System initialized successfully
2025-12-27 00:28:14 | SUCCESS | 🔒 PROFIT LOCK ACTIVATED
Equity: $100000.00
Locked Floor: $52500.00
2025-12-27 00:28:14 | ERROR | ❌ ML inference failed: model not fitted
2025-12-27 00:28:15 | ERROR | ❌ ML inference failed: model not fitted
2025-12-27 00:28:15 | WARNING | EURUSD: Execution globally disabled
2025-12-27 00:28:15 | WARNING | EURUSD: trade blocked — Execution globally disabled
2025-12-27 00:28:15 | WARNING | Trade blocked — risk $100.17 exceeds max per trade $100.00
2025-12-27 00:28:15 | WARNING | Trade blocked — risk $100.17 exceeds max per trade $100.00
2025-12-27 00:28:16 | WARNING | Trade blocked — risk $100.24 exceeds max per trade $100.00
2025-12-27 00:28:16 | WARNING | Trade blocked — risk $100.04 exceeds max per trade $100.00
2025-12-27 00:28:16 | WARNING | NDX100: Execution globally disabled
2025-12-27 00:28:16 | WARNING | NDX100: trade blocked — Execution globally disabled
2025-12-27 00:28:25 | SUCCESS | ML Model and Stats saved successfully.
2025-12-27 00:29:00 | SUCCESS | ML Model and Stats saved successfully.
2025-12-27 00:29:16 | SUCCESS | ML Model and Stats saved successfully.
2025-12-27 00:29:17 | WARNING | EURUSD: Execution globally disabled
2025-12-27 00:29:17 | WARNING | EURUSD: trade blocked — Execution globally disabled
2025-12-27 00:29:17 | WARNING | Trade blocked — risk $100.10 exceeds max per trade $100.00
2025-12-27 00:29:17 | WARNING | USDJPY: Execution globally disabled
2025-12-27 00:29:17 | WARNING | USDJPY: trade blocked — Execution globally disabled
2025-12-27 00:29:17 | WARNING | Trade blocked — risk $100.11 exceeds max per trade $100.00
2025-12-27 00:29:18 | WARNING | US30: Execution globally disabled
2025-12-27 00:29:18 | WARNING | US30: trade blocked — Execution globally disabled
2025-12-27 00:29:18 | WARNING | Trade blocked — risk $100.04 exceeds max per trade $100.00
